<?xml version="1.0" encoding="UTF-8"?>
<testsuite name="com.ll.JollyJourney.JollyJourneyApplicationTests" tests="1" skipped="0" failures="0" errors="0" timestamp="2024-07-17T06:54:50" hostname="yungayoung-ui-MacBookPro.local" time="0.391">
  <properties/>
  <testcase name="contextLoads()" classname="com.ll.JollyJourney.JollyJourneyApplicationTests" time="0.391"/>
  <system-out><![CDATA[15:54:48.317 [Test worker] INFO org.springframework.test.context.support.AnnotationConfigContextLoaderUtils -- Could not detect default configuration classes for test class [com.ll.JollyJourney.JollyJourneyApplicationTests]: JollyJourneyApplicationTests does not declare any static, non-private, non-final, nested classes annotated with @Configuration.
15:54:48.380 [Test worker] INFO org.springframework.boot.test.context.SpringBootTestContextBootstrapper -- Found @SpringBootConfiguration com.ll.JollyJourney.JollyJourneyApplication for test class com.ll.JollyJourney.JollyJourneyApplicationTests

  .   ____          _            __ _ _
 /\\ / ___'_ __ _ _(_)_ __  __ _ \ \ \ \
( ( )\___ | '_ | '_| | '_ \/ _` | \ \ \ \
 \\/  ___)| |_)| | | | | || (_| |  ) ) ) )
  '  |____| .__|_| |_|_| |_\__, | / / / /
 =========|_|==============|___/=/_/_/_/

 :: Spring Boot ::                (v3.3.1)

2024-07-17T15:54:48.582+09:00  INFO 13264 --- [JollyJourney] [    Test worker] c.l.J.JollyJourneyApplicationTests       : Starting JollyJourneyApplicationTests using Java 17.0.10 with PID 13264 (started by yungayoung in /Users/yungayoung/IdeaProjects/12th-JollyJourney-BE)
2024-07-17T15:54:48.583+09:00  INFO 13264 --- [JollyJourney] [    Test worker] c.l.J.JollyJourneyApplicationTests       : No active profile set, falling back to 1 default profile: "default"
2024-07-17T15:54:49.018+09:00  INFO 13264 --- [JollyJourney] [    Test worker] .s.d.r.c.RepositoryConfigurationDelegate : Bootstrapping Spring Data JPA repositories in DEFAULT mode.
2024-07-17T15:54:49.028+09:00  INFO 13264 --- [JollyJourney] [    Test worker] .s.d.r.c.RepositoryConfigurationDelegate : Finished Spring Data repository scanning in 5 ms. Found 0 JPA repository interfaces.
2024-07-17T15:54:49.297+09:00  INFO 13264 --- [JollyJourney] [    Test worker] com.zaxxer.hikari.HikariDataSource       : HikariPool-1 - Starting...
2024-07-17T15:54:49.398+09:00  INFO 13264 --- [JollyJourney] [    Test worker] com.zaxxer.hikari.pool.HikariPool        : HikariPool-1 - Added connection conn0: url=jdbc:h2:mem:9735cdaa-b493-451c-98f0-e40eefb20468 user=SA
2024-07-17T15:54:49.399+09:00  INFO 13264 --- [JollyJourney] [    Test worker] com.zaxxer.hikari.HikariDataSource       : HikariPool-1 - Start completed.
2024-07-17T15:54:49.426+09:00  INFO 13264 --- [JollyJourney] [    Test worker] o.hibernate.jpa.internal.util.LogHelper  : HHH000204: Processing PersistenceUnitInfo [name: default]
2024-07-17T15:54:49.463+09:00  INFO 13264 --- [JollyJourney] [    Test worker] org.hibernate.Version                    : HHH000412: Hibernate ORM core version 6.5.2.Final
2024-07-17T15:54:49.485+09:00  INFO 13264 --- [JollyJourney] [    Test worker] o.h.c.internal.RegionFactoryInitiator    : HHH000026: Second-level cache disabled
2024-07-17T15:54:49.648+09:00  INFO 13264 --- [JollyJourney] [    Test worker] o.s.o.j.p.SpringPersistenceUnitInfo      : No LoadTimeWeaver setup: ignoring JPA class transformer
2024-07-17T15:54:49.871+09:00  INFO 13264 --- [JollyJourney] [    Test worker] o.h.e.t.j.p.i.JtaPlatformInitiator       : HHH000489: No JTA platform available (set 'hibernate.transaction.jta.platform' to enable JTA platform integration)
2024-07-17T15:54:49.873+09:00  INFO 13264 --- [JollyJourney] [    Test worker] j.LocalContainerEntityManagerFactoryBean : Initialized JPA EntityManagerFactory for persistence unit 'default'
2024-07-17T15:54:49.950+09:00  WARN 13264 --- [JollyJourney] [    Test worker] JpaBaseConfiguration$JpaWebConfiguration : spring.jpa.open-in-view is enabled by default. Therefore, database queries may be performed during view rendering. Explicitly configure spring.jpa.open-in-view to disable this warning
2024-07-17T15:54:50.117+09:00  WARN 13264 --- [JollyJourney] [    Test worker] ion$DefaultTemplateResolverConfiguration : Cannot find template location: classpath:/templates/ (please add some templates, check your Thymeleaf configuration, or set spring.thymeleaf.check-template-location=false)
2024-07-17T15:54:50.207+09:00  WARN 13264 --- [JollyJourney] [    Test worker] .s.s.UserDetailsServiceAutoConfiguration : 

Using generated security password: a38f0a7a-c3e5-42db-9ce9-f1b3f7100616

This generated password is for development use only. Your security configuration must be updated before running your application in production.

2024-07-17T15:54:50.223+09:00  INFO 13264 --- [JollyJourney] [    Test worker] r$InitializeUserDetailsManagerConfigurer : Global AuthenticationManager configured with UserDetailsService bean with name inMemoryUserDetailsManager
2024-07-17T15:54:50.332+09:00  INFO 13264 --- [JollyJourney] [    Test worker] c.l.J.JollyJourneyApplicationTests       : Started JollyJourneyApplicationTests in 1.868 seconds (process running for 2.495)
]]></system-out>
  <system-err><![CDATA[]]></system-err>
</testsuite>
